0 info it worked if it ends with ok
1 verbose cli [ '/Users/luketaylor/.nvm/versions/node/v4.7.0/bin/node',
1 verbose cli   '/Users/luketaylor/.nvm/versions/node/v4.7.0/bin/npm',
1 verbose cli   'install' ]
2 info using npm@2.15.11
3 info using node@v4.7.0
4 verbose readDependencies loading dependencies from /Users/luketaylor/Documents/Mobile/nativeRNIntegration/package.json
5 error install Couldn't read dependencies
6 verbose stack Error: Failed to parse json
6 verbose stack Trailing comma in object at 15:3
6 verbose stack   }
6 verbose stack   ^
6 verbose stack     at parseError (/Users/luketaylor/.nvm/versions/node/v4.7.0/lib/node_modules/npm/node_modules/read-package-json/read-json.js:390:11)
6 verbose stack     at parseJson (/Users/luketaylor/.nvm/versions/node/v4.7.0/lib/node_modules/npm/node_modules/read-package-json/read-json.js:79:23)
6 verbose stack     at /Users/luketaylor/.nvm/versions/node/v4.7.0/lib/node_modules/npm/node_modules/read-package-json/read-json.js:48:5
6 verbose stack     at /Users/luketaylor/.nvm/versions/node/v4.7.0/lib/node_modules/npm/node_modules/graceful-fs/graceful-fs.js:78:16
6 verbose stack     at FSReqWrap.readFileAfterClose [as oncomplete] (fs.js:380:3)
7 verbose cwd /Users/luketaylor/Documents/Mobile/nativeRNIntegration
8 error Darwin 16.5.0
9 error argv "/Users/luketaylor/.nvm/versions/node/v4.7.0/bin/node" "/Users/luketaylor/.nvm/versions/node/v4.7.0/bin/npm" "install"
10 error node v4.7.0
11 error npm  v2.15.11
12 error file /Users/luketaylor/Documents/Mobile/nativeRNIntegration/package.json
13 error code EJSONPARSE
14 error Failed to parse json
14 error Trailing comma in object at 15:3
14 error   }
14 error   ^
15 error File: /Users/luketaylor/Documents/Mobile/nativeRNIntegration/package.json
16 error Failed to parse package.json data.
16 error package.json must be actual JSON, not just JavaScript.
16 error
16 error This is not a bug in npm.
16 error Tell the package author to fix their package.json file. JSON.parse
17 verbose exit [ 1, true ]
